Thu 15:40: ########################################## 
Thu 15:40: Compiling.
Thu 15:40: ########################################## 

Thu 15:40: MaxCompiler version: 2014.2.
Thu 15:40: Build Simulation run rule for MotionEstimation start time: Thu Mar 26 15:40:53 GMT 2015.
Thu 15:40: Project location: /home/skamali/CleanEnvironment/MotionEstimation/APP.
Thu 15:40: Detailed build log: /home/skamali/CleanEnvironment/MotionEstimation/APP/RunRules/Simulation/build.log.

Thu 15:40: Compiling Engine Code.
Thu 15:40: Building ME.max file. 
Thu 15:40: Setting environment variable:
Thu 15:40: MAXCOMPILER_BUILD_DIR : /network-scratch/skamali/maxdc_builds/
Thu 15:40: MAX_BUILDPARAMS : DFEModel='CORIA' target='DFE_SIM' maxFileName='ME' numPipes='2' blockSize='16'  
Thu 15:40: Building output:
Thu 15:40: MaxCompiler version: 2014.2
Thu 15:40: Build "ME" start time: Thu Mar 26 15:40:55 GMT 2015
Thu 15:40: Main build process running as user skamali on host nxws27.office.maxeler.com
Thu 15:40: Build location: /scratch/skamali/maxdc_builds/26-03-15/ME_DFE_SIM_2pipes_200MHz_
Thu 15:40: Detailed build log available in "_build.log"
Thu 15:40: 
Thu 15:40: ENGINE BUILD PARAMETERS
Thu 15:40: 	             Build name: ME_DFE_SIM_2pipes_200MHz_
Thu 15:40: 	               DFEModel: CORIA                    
Thu 15:40: 	            maxFileName: ME                       
Thu 15:40: 	                 target: DFE_SIM                  
Thu 15:40: 	             enableMPCX: false                    
Thu 15:40: 	             inputWidth: 16                       
Thu 15:40: 	               bitDepth: 10                       
Thu 15:40: 	              frequency: 200                      
Thu 15:40: 	                    tag:                          
Thu 15:40: 	     enableStreamStatus: false                    
Thu 15:40: 	            buildEffort: HIGH                     
Thu 15:40: 	           isHM71Compat: false                    
Thu 15:40: 	                isDummy: false                    
Thu 15:40: 	                 hasPCC: false                    
Thu 15:40: 	enablePhysicalSynthesis: false                    
Thu 15:40: 	          useLowLatency: false                    
Thu 15:40: 	               numPipes: 2                        
Thu 15:40: 	              blockSize: 16                       
Thu 15:40: 	              srcInDram: false                    
Thu 15:40: Instantiating kernel "CoarseMeKernel"
Thu 15:40: 
Thu 15:40: Compiling kernel "CoarseMeKernel"
Thu 15:40: WARNING: Warning (UNCONNECTED_DESIGN_ELEMENT):
Thu 15:40: WARNING: Unconnected elements in design 'CoarseMeKernel'
Thu 15:40: WARNING: details in : /scratch/skamali/maxdc_builds/26-03-15/ME_DFE_SIM_2pipes_200MHz_/scratch/CoarseMeKernel_graph_warnings.txt
Thu 15:41: Engine build terminated by user.
Thu 15:41: Engine build terminated by user
Thu 15:41: Build failed: Thu Mar 26 15:41:07 GMT 2015


